[0.038s] Invoking command in '/home/ram-user/Documents/ASDfR/ros2_ws_a1/build/package1': CMAKE_PREFIX_PATH=${CMAKE_PREFIX_PATH}:/opt/ros/humble /usr/bin/cmake --build /home/ram-user/Documents/ASDfR/ros2_ws_a1/build/package1 -- -j2 -l2
[0.135s] -- Found ament_cmake: 1.3.3 (/opt/ros/humble/share/ament_cmake/cmake)
[0.616s] -- Override CMake install command with custom implementation using symlinks instead of copying resources
[0.626s] -- Found rclcpp: 16.0.3 (/opt/ros/humble/share/rclcpp/cmake)
[0.716s] -- Found rosidl_generator_c: 3.1.4 (/opt/ros/humble/share/rosidl_generator_c/cmake)
[0.730s] -- Found rosidl_adapter: 3.1.4 (/opt/ros/humble/share/rosidl_adapter/cmake)
[0.750s] -- Found rosidl_generator_cpp: 3.1.4 (/opt/ros/humble/share/rosidl_generator_cpp/cmake)
[0.782s] -- Using all available rosidl_typesupport_c: rosidl_typesupport_fastrtps_c;rosidl_typesupport_introspection_c
[0.818s] -- Using all available rosidl_typesupport_cpp: rosidl_typesupport_fastrtps_cpp;rosidl_typesupport_introspection_cpp
[0.967s] -- Found rmw_implementation_cmake: 6.1.1 (/opt/ros/humble/share/rmw_implementation_cmake/cmake)
[0.970s] -- Found rmw_fastrtps_cpp: 6.2.2 (/opt/ros/humble/share/rmw_fastrtps_cpp/cmake)
[1.258s] -- Using RMW implementation 'rmw_fastrtps_cpp' as default
[1.699s] -- Found rclcpp_components: 16.0.3 (/opt/ros/humble/share/rclcpp_components/cmake)
[1.847s] -- Found sensor_msgs: 4.2.3 (/opt/ros/humble/share/sensor_msgs/cmake)
[2.231s] -- Found ament_lint_auto: 0.12.5 (/opt/ros/humble/share/ament_lint_auto/cmake)
[2.600s] -- Found python_cmake_module: 0.10.0 (/opt/ros/humble/share/python_cmake_module/cmake)
[2.652s] -- Using PYTHON_EXECUTABLE: /usr/bin/python3
[2.653s] -- Using PYTHON_INCLUDE_DIRS: /usr/include/python3.10
[2.653s] -- Using PYTHON_LIBRARIES: /usr/lib/x86_64-linux-gnu/libpython3.10.so
[2.701s] -- Added test 'copyright' to check source files copyright and LICENSE
[2.704s] -- Added test 'cppcheck' to perform static code analysis on C / C++ code
[2.704s] -- Configured cppcheck include dirs: $<BUILD_INTERFACE:/home/ram-user/Documents/ASDfR/ros2_ws_a1/src/package1/include>
[2.704s] -- Configured cppcheck exclude dirs and/or files: 
[2.711s] -- Added test 'cpplint' to check C / C++ code against the Google style
[2.711s] -- Configured cpplint exclude dirs and/or files: 
[2.712s] -- Added test 'flake8' to check Python code syntax and style conventions
[2.713s] -- Added test 'lint_cmake' to check CMake code style
[2.714s] -- Added test 'pep257' to check Python code against some of the docstring style conventions in PEP 257
[2.716s] -- Added test 'uncrustify' to check C / C++ code style
[2.716s] -- Configured uncrustify additional arguments: 
[2.717s] -- Added test 'xmllint' to check XML markup files
[2.720s] -- Configuring done
[2.802s] -- Generating done
[2.819s] -- Build files have been written to: /home/ram-user/Documents/ASDfR/ros2_ws_a1/build/package1
[2.959s] [ 11%] [32mBuilding CXX object CMakeFiles/package1.dir/src/burger.cpp.o[0m
[2.980s] [ 22%] [32mBuilding CXX object CMakeFiles/cam2image.dir/rclcpp_components/node_main_cam2image.cpp.o[0m
[9.321s] [ 33%] [32mBuilding CXX object CMakeFiles/package1.dir/src/cam2image.cpp.o[0m
[10.353s] In file included from [01m[K/home/ram-user/Documents/ASDfR/ros2_ws_a1/src/package1/src/cam2image.cpp:18[m[K:
[10.353s] [01m[K/home/ram-user/Documents/ASDfR/ros2_ws_a1/src/package1/include/package1/cv_mat_sensor_msgs_image_type_adapter.hpp:13:10:[m[K [01;31m[Kfatal error: [m[Kimage_tools/visibility_control.h: No such file or directory
[10.354s]    13 | #include [01;31m[K"image_tools/visibility_control.h"[m[K
[10.354s]       |          [01;31m[K^~~~~~~~~~~~~~~~~~~~~~~~~~~~~~~~~~[m[K
[10.354s] compilation terminated.
[10.371s] gmake[2]: *** [CMakeFiles/package1.dir/build.make:90: CMakeFiles/package1.dir/src/cam2image.cpp.o] Error 1
[10.372s] gmake[1]: *** [CMakeFiles/Makefile2:141: CMakeFiles/package1.dir/all] Error 2
[10.372s] gmake[1]: *** Waiting for unfinished jobs....
[18.130s] [ 44%] [32m[1mLinking CXX executable cam2image[0m
[18.696s] [ 44%] Built target cam2image
[18.705s] gmake: *** [Makefile:146: all] Error 2
[18.710s] Invoked command in '/home/ram-user/Documents/ASDfR/ros2_ws_a1/build/package1' returned '2': CMAKE_PREFIX_PATH=${CMAKE_PREFIX_PATH}:/opt/ros/humble /usr/bin/cmake --build /home/ram-user/Documents/ASDfR/ros2_ws_a1/build/package1 -- -j2 -l2
